<?xml version="1.0" encoding="UTF-8"?>
<!-- Generated by org.testng.reporters.JUnitReportReporter -->
<testsuite hostname="Paddy" failures="0" tests="1" name="testPackage.TestRunner" time="22.010" errors="0" timestamp="2023-11-28T15:54:17 IST" skipped="0">
  <testcase classname="testPackage.TestRunner" name="endtoendSearchForProduct" time="22.010"/>
  <system-out>
    <![CDATA[Able to search product by name (i.e. Earrings) 
Able to filter the product by choice (i.e.rose gold) .
Able to sort product by price low to high .
Able to select required product.
Able to update the size of product
Able to update the qty of product
Product Suceesfully removed from cart.]]>
  </system-out>
</testsuite> <!-- testPackage.TestRunner -->
